Ejecutada con exito:  CREATE TABLE IF NOT EXISTS users (
                                    user_id INTEGER PRIMARY KEY,
                                    name TEXT NOT NULL,
                                    lang TEXT DEFAULT 'es'
                                ); 
Usuario Kelfindel#7546 creado
Usuario kaya#2427 creado
Buscando monstruo: %Cor%ukei%ei%
Coral Pukei-Pukei encontrado.
Buscando monstruo: %Cor%ukei%ei%
Coral Pukei-Pukei encontrado.
Coral Pukei-Pukei, debilidad encontrada.
Buscando monstruo: %Cor%ukei%ei%
Coral Pukei-Pukei encontrado.
Coral Pukei-Pukei, debilidad encontrada.
Buscando monstruo: %Cor%ukei%ei%
Coral Pukei-Pukei encontrado.
Coral Pukei-Pukei, debilidad encontrada.
Buscando monstruo: %Alatr%
Alatreon encontrado.
Alatreon,multiples debilidades encontradas.
Alatreon,multiples debilidades encontradas.
Alatreon,multiples debilidades encontradas.
Buscando monstruo: %Alatr%
Alatreon encontrado.
Alatreon,multiples debilidades encontradas.
Buscando monstruo: %Alatr%
Alatreon encontrado.
Alatreon,multiples debilidades encontradas.
Buscando monstruo: %Alatr%
Alatreon encontrado.
Alatreon,multiples debilidades encontradas.
Buscando monstruo: %latre%
Alatreon encontrado.
Buscando monstruo: %latre%
Alatreon encontrado.
Buscando monstruo: Alatreon
Alatreon encontrado.
Buscando monstruo: %latre%
Alatreon encontrado.
Buscando monstruo: Alatreon
Alatreon encontrado.
Ejecutada con exito:  DELETE FROM users; 
Ejecutada con exito:  DROP TABLE users; 
Ejecutada con exito:  CREATE TABLE IF NOT EXISTS users (
                                    user_id INTEGER PRIMARY KEY,
                                    name TEXT NOT NULL,
                                    lang TEXT NOT NULL ON CONFLICT REPLACE DEFAULT 'es'
                                ); 
Usuario Kelfindel#7546 creado
Buscando monstruo: %latre%
Alatreon encontrado.
Buscando monstruo: Alatreon
Alatreon encontrado.
Ejecutada con exito:  DROP TABLE users; 
Ejecutada con exito:  CREATE TABLE IF NOT EXISTS users (
                                    user_id INTEGER PRIMARY KEY,
                                    name TEXT NOT NULL,
                                    lang TEXT NOT NULL
                                ); 
Usuario Kelfindel#7546 creado
Buscando monstruo: %latre%
Alatreon encontrado.
Buscando monstruo: Alatreon
Alatreon encontrado.
Buscando monstruo: %latre%
Alatreon encontrado.
Buscando monstruo: Alatreon
Alatreon encontrado.
Ejecutada con exito:  DROP TABLE users; 
Ejecutada con exito:  CREATE TABLE IF NOT EXISTS users (
                                    user_id INTEGER PRIMARY KEY,
                                    name TEXT NOT NULL,
                                    lang TEXT NOT NULL
                                ); 
Usuario Kelfindel#7546 creado
Buscando monstruo: %latre%
Alatreon encontrado.
Buscando monstruo: Alatreon
Alatreon encontrado.
Ejecutada con exito: UPDATE users SET lang = 'es' WHERE user_id = 156000408412618754
Buscando monstruo: %latre%
Alatreon encontrado.
Buscando monstruo: Alatreon
Alatreon encontrado.
Buscando monstruo: %latre%
Alatreon encontrado.
Buscando monstruo: Alatreon
Alatreon encontrado.
Buscando monstruo: %latre%
Alatreon encontrado.
Buscando monstruo: Alatreon
Alatreon encontrado.
Buscando monstruo: %latre%
Buscando monstruo: %latre%
Buscando monstruo: %latre%
Buscando monstruo: %latre%
Alatreon encontrado.
Buscando info...
info encontrada
Buscando monstruo: %latre%
Alatreon encontrado.
Buscando monstruo: %latre%
Alatreon encontrado.
Buscando monstruo: %latre%
Alatreon encontrado.
Buscando info...
info encontrada
Buscando monstruo: %latre%
Alatreon encontrado.
Buscando info...
info encontrada
Buscando monstruo: %latre%
Alatreon encontrado.
Buscando info...
info encontrada
Buscando monstruo: %latre%
Alatreon encontrado.
Buscando info...
info encontrada
Alatreon,multiples debilidades encontradas.
