Estamos loggeados como Felyne Compi#2841
Kelfindel ha enviado: $item hola
Estamos loggeados como Felyne Compi#2841
Kelfindel ha enviado: $item hola
Estamos loggeados como Felyne Compi#2841
Kelfindel ha enviado: $saludar 172963172637
Kelfindel ha enviado: $saludar awidhjahid
Estamos loggeados como Felyne Compi#2841
Kelfindel ha enviado: $saludar 189237619263
Estamos loggeados como Felyne Compi#2841
Kelfindel ha enviado: $saludar pepe
Estamos loggeados como Felyne Compi#2841
Kelfindel ha enviado: $saludar perpe
Estamos loggeados como Felyne Compi#2841
Kelfindel ha enviado: $saludar 156000408412618754
Estamos loggeados como Felyne Compi#2841
Kelfindel ha enviado: $saludar 156000408412618754
Estamos loggeados como Felyne Compi#2841
Kelfindel ha enviado: $saludar 156000408412618754
Estamos loggeados como Felyne Compi#2841
Kelfindel ha enviado: $saludar 156000408412618754
Estamos loggeados como Felyne Compi#2841
Kelfindel ha enviado: $saludar 156000408412618754
Estamos loggeados como Felyne Compi#2841
Kelfindel ha enviado: $saludar 156000408412618754
Kelfindel ha enviado: $saludar 885294513894084618
Estamos loggeados como Felyne Compi#2841
Kelfindel ha enviado: $saludar 156000408412618754
Estamos loggeados como Felyne Compi#2841
Kelfindel ha enviado: $saludar 156000408412618754
Estamos loggeados como Felyne Compi#2841
Kelfindel ha enviado: $saludar 156000408412618754
Kelfindel#7546 ha sido saludado
